0 info it worked if it ends with ok
1 verbose cli [ 'node',
1 verbose cli   '/opt/boxen/nodenv/versions/v0.10/bin/npm',
1 verbose cli   'start',
1 verbose cli   './app/server.js' ]
2 info using npm@2.1.18
3 info using node@v0.10.31
4 verbose node symlink /opt/boxen/nodenv/versions/v0.10/bin/node
5 verbose stack Error: missing script: start
5 verbose stack     at run (/opt/boxen/nodenv/versions/v0.10.31/lib/node_modules/npm/lib/run-script.js:130:19)
5 verbose stack     at /opt/boxen/nodenv/versions/v0.10.31/lib/node_modules/npm/lib/run-script.js:81:5
5 verbose stack     at /opt/boxen/nodenv/versions/v0.10.31/lib/node_modules/npm/node_modules/read-package-json/read-json.js:51:40
5 verbose stack     at final (/opt/boxen/nodenv/versions/v0.10.31/lib/node_modules/npm/node_modules/read-package-json/read-json.js:349:17)
5 verbose stack     at then (/opt/boxen/nodenv/versions/v0.10.31/lib/node_modules/npm/node_modules/read-package-json/read-json.js:126:33)
5 verbose stack     at /opt/boxen/nodenv/versions/v0.10.31/lib/node_modules/npm/node_modules/read-package-json/read-json.js:331:40
5 verbose stack     at evalmachine.<anonymous>:271:14
5 verbose stack     at /opt/boxen/nodenv/versions/v0.10.31/lib/node_modules/npm/node_modules/graceful-fs/graceful-fs.js:102:5
5 verbose stack     at Object.oncomplete (evalmachine.<anonymous>:107:15)
6 verbose cwd /Users/jacobmitchinson/Desktop/MA/catSensor
7 error Darwin 14.0.0
8 error argv "node" "/opt/boxen/nodenv/versions/v0.10/bin/npm" "start" "./app/server.js"
9 error node v0.10.31
10 error npm  v2.1.18
11 error missing script: start
12 error If you need help, you may report this error at:
12 error     <http://github.com/npm/npm/issues>
13 verbose exit [ 1, true ]
